2025-11-10 20:23:44,707 - INFO - use_fillMissingValues - Dataset loaded with shape (101685, 8)
2025-11-10 20:23:44,715 - INFO - preprocessing - Preprocessing initialized with 1 numerical and 5 categorical columns.
2025-11-10 20:23:44,830 - INFO - preprocessing - Missing values filled.
2025-11-10 20:23:44,852 - INFO - use_fillMissingValues - Missing values filled
2025-11-10 20:23:44,897 - INFO - use_fillMissingValues - Preprocessing (fill-only) saved at pipeline/filled_pipeline.joblib
2025-11-10 20:23:45,386 - INFO - use_fillMissingValues - Preprocessed dataset (fill-only) saved at data/filled\filled_dataset.csv
2025-11-10 20:54:11,150 - INFO - use_fillMissingValues - Dataset loaded with shape (101685, 8)
2025-11-10 20:54:11,158 - INFO - preprocessing - Preprocessing initialized with 1 numerical and 5 categorical columns.
2025-11-10 20:54:11,282 - INFO - preprocessing - Missing values filled.
2025-11-10 20:54:11,305 - INFO - use_fillMissingValues - Missing values filled
2025-11-10 20:54:11,356 - INFO - use_fillMissingValues - Preprocessing (fill-only) saved at pipeline/filled_pipeline.joblib
2025-11-10 20:54:11,854 - INFO - use_fillMissingValues - Preprocessed dataset (fill-only) saved at data/filled\filled_dataset.csv
2025-11-10 20:54:17,871 - INFO - preprocessing - Missing values filled.
2025-11-10 20:54:22,937 - INFO - preprocessing - Missing values filled.
2025-11-10 20:54:30,086 - INFO - preprocessing - Missing values filled.
2025-11-10 20:57:44,563 - INFO - use_fillMissingValues - Dataset loaded with shape (101685, 8)
2025-11-10 20:57:44,571 - INFO - preprocessing - Preprocessing initialized with 1 numerical and 5 categorical columns.
2025-11-10 20:57:44,698 - INFO - preprocessing - Missing values filled (using mode for categoricals, mean for numericals).
2025-11-10 20:57:44,721 - INFO - use_fillMissingValues - Missing values filled
2025-11-10 20:57:44,771 - INFO - use_fillMissingValues - Preprocessing (fill-only) saved at pipeline/filled_pipeline.joblib
2025-11-10 20:57:45,268 - INFO - use_fillMissingValues - Preprocessed dataset (fill-only) saved at data/filled\filled_dataset.csv
2025-11-10 20:57:53,905 - INFO - preprocessing - Missing values filled (using mode for categoricals, mean for numericals).
2025-11-10 20:57:55,351 - INFO - preprocessing - Missing values filled (using mode for categoricals, mean for numericals).
2025-11-10 21:01:18,285 - INFO - preprocessing - Missing values filled (using mode for categoricals, mean for numericals).
2025-11-10 21:01:23,866 - INFO - preprocessing - Missing values filled (using mode for categoricals, mean for numericals).
2025-11-10 21:01:35,986 - INFO - preprocessing - Missing values filled (using mode for categoricals, mean for numericals).
2025-11-10 21:01:36,416 - INFO - preprocessing - Missing values filled (using mode for categoricals, mean for numericals).
2025-11-10 21:02:20,163 - INFO - use_fillMissingValues - Dataset loaded with shape (101685, 8)
2025-11-10 21:02:20,170 - INFO - preprocessing - Preprocessing initialized with 1 numerical and 5 categorical columns.
2025-11-10 21:02:20,303 - INFO - preprocessing - Missing values filled (using mode for categoricals, mean for numericals).
2025-11-10 21:02:20,326 - INFO - use_fillMissingValues - Missing values filled
2025-11-10 21:02:20,374 - INFO - use_fillMissingValues - Preprocessing (fill-only) saved at pipeline/filled_pipeline.joblib
2025-11-10 21:02:20,867 - INFO - use_fillMissingValues - Preprocessed dataset (fill-only) saved at data/filled\filled_dataset.csv
2025-11-10 21:02:26,212 - INFO - preprocessing - Missing values filled (using mode for categoricals, mean for numericals).
2025-11-10 21:02:54,795 - INFO - preprocessing - Missing values filled (using mode for categoricals, mean for numericals).
2025-11-10 21:02:54,797 - INFO - preprocessing - Categorical columns encoded.
2025-11-10 21:03:03,086 - INFO - preprocessing - Missing values filled (using mode for categoricals, mean for numericals).
2025-11-10 21:03:03,088 - INFO - preprocessing - Categorical columns encoded.
2025-11-10 21:03:03,088 - INFO - preprocessing - Numerical columns scaled.
2025-11-10 21:03:03,913 - INFO - preprocessing - Missing values filled (using mode for categoricals, mean for numericals).
2025-11-10 21:03:03,915 - INFO - preprocessing - Categorical columns encoded.
2025-11-10 21:03:03,915 - INFO - preprocessing - Numerical columns scaled.
2025-11-10 21:03:04,373 - INFO - preprocessing - Missing values filled (using mode for categoricals, mean for numericals).
2025-11-10 21:03:04,375 - INFO - preprocessing - Categorical columns encoded.
2025-11-10 21:03:04,375 - INFO - preprocessing - Numerical columns scaled.
2025-11-10 21:03:04,539 - INFO - preprocessing - Missing values filled (using mode for categoricals, mean for numericals).
2025-11-10 21:03:04,541 - INFO - preprocessing - Categorical columns encoded.
2025-11-10 21:03:04,541 - INFO - preprocessing - Numerical columns scaled.
2025-11-10 21:03:08,593 - INFO - preprocessing - Missing values filled (using mode for categoricals, mean for numericals).
2025-11-10 21:03:08,595 - INFO - preprocessing - Categorical columns encoded.
2025-11-10 21:03:08,595 - INFO - preprocessing - Numerical columns scaled.
2025-11-10 21:03:08,596 - INFO - preprocessing - Log transformation applied where possible.
2025-11-10 21:03:09,502 - INFO - preprocessing - Missing values filled (using mode for categoricals, mean for numericals).
2025-11-10 21:03:09,504 - INFO - preprocessing - Categorical columns encoded.
2025-11-10 21:03:09,504 - INFO - preprocessing - Numerical columns scaled.
2025-11-10 21:03:09,504 - INFO - preprocessing - Log transformation applied where possible.
2025-11-10 21:03:09,678 - INFO - preprocessing - Missing values filled (using mode for categoricals, mean for numericals).
2025-11-10 21:03:09,680 - INFO - preprocessing - Categorical columns encoded.
2025-11-10 21:03:09,680 - INFO - preprocessing - Numerical columns scaled.
2025-11-10 21:03:09,681 - INFO - preprocessing - Log transformation applied where possible.
2025-11-10 21:06:26,623 - INFO - preprocessing - Missing values filled (using mode for categoricals, mean for numericals).
2025-11-10 21:10:50,998 - INFO - use_fillMissingValues - Dataset loaded with shape (101685, 8)
2025-11-10 21:10:51,008 - INFO - preprocessing - Preprocessing initialized with 1 numerical and 5 categorical columns.
2025-11-10 21:10:51,150 - INFO - preprocessing - Missing values filled (numerical: mean, categorical: mode).
2025-11-10 21:10:51,159 - INFO - use_fillMissingValues - Missing values filled
2025-11-10 21:10:51,214 - INFO - use_fillMissingValues - Preprocessing (fill-only) saved at pipeline/filled_pipeline.joblib
2025-11-10 21:10:51,707 - INFO - use_fillMissingValues - Preprocessed dataset (fill-only) saved at data/filled\filled_dataset.csv
2025-11-10 21:10:59,814 - INFO - preprocessing - Missing values filled (numerical: mean, categorical: mode).
2025-11-10 21:11:41,349 - INFO - use_fillMissingValues - Dataset loaded with shape (101685, 8)
2025-11-10 21:11:41,356 - INFO - preprocessing - Preprocessing initialized with 1 numerical and 5 categorical columns.
2025-11-10 21:11:41,498 - INFO - preprocessing - Missing values filled (numerical: mean, categorical: mode).
2025-11-10 21:11:41,522 - INFO - use_fillMissingValues - Missing values filled
2025-11-10 21:11:41,573 - INFO - use_fillMissingValues - Preprocessing (fill-only) saved at pipeline/filled_pipeline.joblib
2025-11-10 21:11:42,065 - INFO - use_fillMissingValues - Preprocessed dataset (fill-only) saved at data/filled\filled_dataset.csv
2025-11-10 21:11:47,184 - INFO - preprocessing - Missing values filled (numerical: mean, categorical: mode).
2025-11-10 21:13:01,014 - INFO - use_fillMissingValues - Dataset loaded with shape (101685, 8)
2025-11-10 21:13:01,022 - INFO - preprocessing - Preprocessing initialized with 1 numerical and 5 categorical columns.
2025-11-10 21:13:01,167 - INFO - preprocessing - Missing values filled (numerical: mean, categorical: mode).
2025-11-10 21:13:01,190 - INFO - use_fillMissingValues - Missing values filled
2025-11-10 21:13:01,239 - INFO - use_fillMissingValues - Preprocessing (fill-only) saved at pipeline/filled_pipeline.joblib
2025-11-10 21:13:01,739 - INFO - use_fillMissingValues - Preprocessed dataset (fill-only) saved at data/filled\filled_dataset.csv
2025-11-10 21:13:05,714 - INFO - preprocessing - Missing values filled (numerical: mean, categorical: mode).
2025-11-10 21:13:07,319 - INFO - preprocessing - Missing values filled (numerical: mean, categorical: mode).
2025-11-10 21:20:22,683 - INFO - use_fillMissingValues - Dataset loaded with shape (101685, 8)
2025-11-10 21:21:49,024 - INFO - use_fillMissingValues - Dataset loaded with shape (101685, 8)
2025-11-10 21:21:49,161 - INFO - preprocessing - Missing values filled
2025-11-10 21:21:49,171 - INFO - use_fillMissingValues - Missing values filled
2025-11-10 21:21:49,218 - INFO - use_fillMissingValues - Preprocessing (fill-only) saved at pipeline/filled_pipeline.joblib
2025-11-10 21:21:49,702 - INFO - use_fillMissingValues - Preprocessed dataset (fill-only) saved at data/filled\filled_dataset.csv
2025-11-10 21:21:55,652 - INFO - preprocessing - Missing values filled
2025-11-10 21:26:39,920 - INFO - preprocessing - Preprocessing fit completed
2025-11-10 21:27:35,013 - INFO - preprocessing - Missing values filled
2025-11-10 21:41:03,682 - INFO - use_fillMissingValues - Dataset loaded with shape (101685, 8)
2025-11-10 21:41:11,810 - INFO - preprocessing - Preprocessing fit completed
2025-11-10 21:45:27,839 - INFO - preprocessing - Preprocessing fit completed
2025-11-10 21:45:29,344 - INFO - preprocessing - Preprocessing fit completed
2025-11-10 21:47:38,052 - INFO - preprocessing - Preprocessing fit completed
2025-11-10 21:48:37,580 - INFO - preprocessing - Preprocessing fit completed
2025-11-10 21:48:53,993 - INFO - preprocessing - Preprocessing fit completed
2025-11-10 21:48:54,568 - INFO - preprocessing - Preprocessing fit completed
2025-11-10 21:50:27,607 - INFO - preprocessing - Preprocessing fit completed
2025-11-10 21:52:43,280 - INFO - preprocessing - Preprocessing fit completed
2025-11-11 18:21:04,289 - INFO - use_fillMissingValues - Loaded dataset with shape (101685, 8)
2025-11-11 18:21:04,293 - INFO - preprocessing - Filling missing values...
2025-11-11 18:25:36,652 - INFO - use_fillMissingValues - Loaded dataset with shape (101685, 8)
2025-11-11 18:25:36,655 - INFO - preprocessing - Filling missing values...
2025-11-11 18:26:07,752 - INFO - use_fillMissingValues - Loaded dataset with shape (101685, 8)
2025-11-11 18:26:07,755 - INFO - preprocessing - Filling missing values...
2025-11-11 18:26:36,941 - INFO - use_fillMissingValues - Loaded dataset with shape (101685, 8)
2025-11-11 18:26:36,944 - INFO - preprocessing - Filling missing values...
2025-11-11 18:27:12,672 - INFO - use_fillMissingValues - Loaded dataset with shape (101685, 8)
2025-11-11 18:27:12,675 - INFO - preprocessing - Filling missing values...
2025-11-11 18:27:13,283 - INFO - use_fillMissingValues - Saved filled dataset and pipeline.
2025-11-11 18:52:27,908 - INFO - use_fillMissingValues - Loaded dataset with shape (101685, 8)
2025-11-11 18:52:27,911 - INFO - preprocessing - Filling missing values...
2025-11-11 18:52:28,539 - INFO - use_fillMissingValues - Saved filled dataset and pipeline.
2025-11-11 21:50:33,550 - INFO - use_fillMissingValues - Loaded dataset with shape (101685, 8)
2025-11-11 21:50:33,554 - INFO - preprocessing - Filling missing values...
2025-11-11 21:50:34,170 - INFO - use_fillMissingValues - Saved filled dataset and pipeline.
2025-11-11 21:50:50,232 - INFO - preprocessing - Encoding categorical features...
2025-11-11 21:50:50,611 - INFO - preprocessing - Scaling numerical features...
2025-11-11 21:50:51,639 - INFO - use_preprocessing - Encoding and scaling completed and saved.
2025-11-11 21:52:05,886 - INFO - preprocessing - Filling missing values...
2025-11-11 21:52:05,999 - INFO - preprocessing - Encoding categorical features...
2025-11-11 21:52:06,359 - INFO - preprocessing - Scaling numerical features...
2025-11-11 21:52:07,389 - INFO - use_preprocessing - Encoding and scaling completed and saved.
2025-11-12 21:35:37,629 - INFO - use_fillMissingValues - Loaded dataset with shape (101685, 8)
2025-11-12 21:35:37,632 - INFO - preprocessing - Filling missing values...
2025-11-12 21:35:38,262 - INFO - use_fillMissingValues - Saved filled dataset and pipeline.
2025-11-12 21:35:59,134 - INFO - preprocessing - Encoding categorical features...
2025-11-12 21:35:59,544 - INFO - preprocessing - Scaling numerical features...
2025-11-12 21:36:01,116 - INFO - use_preprocessing - Encoding and scaling completed and saved.
2025-11-12 21:36:55,528 - INFO - use_fillMissingValues - Loaded dataset with shape (101685, 8)
2025-11-12 21:36:55,531 - INFO - preprocessing - Filling missing values...
2025-11-12 21:36:56,144 - INFO - use_fillMissingValues - Saved filled dataset and pipeline.
2025-11-12 21:37:13,113 - INFO - preprocessing - Encoding categorical features...
2025-11-12 21:37:13,659 - INFO - preprocessing - Scaling numerical features...
2025-11-12 21:37:15,848 - INFO - use_preprocessing - Encoding and scaling completed and saved.
2025-11-12 21:55:14,902 - INFO - use_fillMissingValues - Loaded dataset with shape (101685, 8)
2025-11-12 21:55:14,906 - INFO - preprocessing - Filling missing values...
2025-11-12 21:55:15,496 - INFO - use_fillMissingValues - Saved filled dataset and pipeline.
2025-11-12 21:55:40,272 - INFO - preprocessing - Encoding categorical features...
2025-11-12 21:55:40,680 - INFO - preprocessing - Scaling numerical features...
2025-11-12 21:55:42,239 - INFO - use_preprocessing - Encoding and scaling completed and saved.
2025-11-13 18:08:41,840 - INFO - use_fillMissingValues - Loaded dataset with shape (101685, 8)
2025-11-13 18:08:41,843 - INFO - preprocessing - Filling missing values...
2025-11-13 18:08:42,442 - INFO - use_fillMissingValues - Saved filled dataset and pipeline.
2025-11-13 18:09:10,386 - INFO - preprocessing - Encoding categorical features...
2025-11-13 18:09:10,815 - INFO - preprocessing - Scaling numerical features...
2025-11-13 18:09:12,424 - INFO - use_preprocessing - Encoding and scaling completed and saved.
2025-11-13 18:35:22,970 - INFO - use_fillMissingValues - Loaded dataset with shape (101685, 8)
2025-11-13 18:35:22,977 - INFO - preprocessing - Filling missing values...
2025-11-13 18:35:23,058 - INFO - preprocessing - Encoding categorical features...
2025-11-13 18:35:23,445 - INFO - preprocessing - Scaling numerical features...
2025-11-13 18:36:16,982 - INFO - use_fillMissingValues - Loaded dataset with shape (101685, 8)
2025-11-13 18:36:16,990 - INFO - preprocessing - Filling missing values...
2025-11-13 18:36:17,062 - INFO - preprocessing - Encoding categorical features...
2025-11-13 18:36:17,428 - INFO - preprocessing - Scaling numerical features...
2025-11-13 18:36:18,094 - INFO - use_fillMissingValues - Saved filled dataset and pipeline.
2025-11-13 18:36:27,336 - INFO - preprocessing - Encoding categorical features...
2025-11-13 18:36:27,347 - INFO - preprocessing - Scaling numerical features...
2025-11-13 18:36:28,680 - INFO - use_preprocessing - Encoding and scaling completed and saved.
2025-11-13 18:41:29,104 - INFO - use_fillMissingValues - Loaded dataset with shape (101685, 8)
2025-11-13 18:41:29,107 - INFO - preprocessing - Filling missing values...
2025-11-13 18:41:29,698 - INFO - use_fillMissingValues - Saved filled dataset and pipeline.
2025-11-13 18:42:06,144 - INFO - preprocessing - Encoding categorical features...
2025-11-13 18:42:06,549 - INFO - preprocessing - Scaling numerical features...
2025-11-13 18:42:08,106 - INFO - use_preprocessing - Encoding and scaling completed and saved.
2025-11-13 21:39:54,077 - INFO - use_fillMissingValues - Loaded dataset with shape (101685, 8)
2025-11-13 21:39:54,080 - INFO - preprocessing - Filling missing values...
2025-11-13 21:39:54,668 - INFO - use_fillMissingValues - Saved filled dataset and pipeline.
2025-11-13 21:41:45,462 - INFO - preprocessing - Encoding categorical features...
2025-11-13 21:41:45,860 - INFO - preprocessing - Scaling numerical features...
2025-11-13 21:41:47,299 - INFO - use_preprocessing - Encoding and scaling completed and saved.
2025-11-14 17:10:47,720 - INFO - use_fillMissingValues - Loaded dataset with shape (101685, 8)
2025-11-14 17:10:47,723 - INFO - preprocessing - Filling missing values...
2025-11-14 17:10:48,290 - INFO - use_fillMissingValues - Saved filled dataset and pipeline.
2025-11-14 17:11:17,544 - INFO - preprocessing - Encoding categorical features...
2025-11-14 17:11:17,947 - INFO - preprocessing - Scaling numerical features...
2025-11-14 17:11:19,747 - INFO - use_preprocessing - Encoding and scaling completed and saved.
2025-11-14 17:24:22,333 - INFO - use_fillMissingValues - Loaded dataset with shape (101685, 8)
2025-11-14 17:24:22,337 - INFO - preprocessing - Filling missing values...
2025-11-14 17:24:22,944 - INFO - use_fillMissingValues - Saved filled dataset and pipeline.
2025-11-14 17:25:24,335 - INFO - preprocessing - Encoding categorical features...
2025-11-14 17:25:25,041 - INFO - preprocessing - Scaling numerical features...
2025-11-14 17:25:27,989 - INFO - use_preprocessing - Encoding and scaling completed and saved.
2025-11-14 17:37:25,122 - INFO - use_fillMissingValues - Loaded dataset with shape (101685, 8)
2025-11-14 17:37:25,125 - INFO - preprocessing - Filling missing values...
2025-11-14 17:37:25,861 - INFO - use_fillMissingValues - Saved filled dataset and pipeline.
2025-11-14 17:44:39,222 - INFO - preprocessing - Encoding categorical features...
2025-11-14 17:44:39,625 - INFO - preprocessing - Scaling numerical features...
2025-11-14 17:44:41,596 - INFO - use_preprocessing - Encoding and scaling completed and saved.
2025-11-14 17:50:26,464 - INFO - use_fillMissingValues - Loaded dataset with shape (101685, 8)
2025-11-14 17:50:26,467 - INFO - preprocessing - Filling missing values...
2025-11-14 17:50:27,072 - INFO - use_fillMissingValues - Saved filled dataset and pipeline.
2025-11-14 17:50:49,959 - INFO - preprocessing - Encoding categorical features...
2025-11-14 17:50:50,389 - INFO - preprocessing - Scaling numerical features...
2025-11-14 17:50:51,557 - INFO - use_preprocessing - Encoding and scaling completed and saved.
2025-11-14 18:44:07,975 - INFO - use_fillMissingValues - Loaded dataset with shape (101685, 8)
2025-11-14 18:44:07,979 - INFO - preprocessing - Filling missing values...
2025-11-14 18:44:08,588 - INFO - use_fillMissingValues - Saved filled dataset and pipeline.
2025-11-14 18:44:14,762 - INFO - use_fillMissingValues - Loaded dataset with shape (101685, 8)
2025-11-14 18:44:14,764 - INFO - preprocessing - Filling missing values...
2025-11-14 18:44:15,336 - INFO - use_fillMissingValues - Saved filled dataset and pipeline.
2025-11-14 18:44:35,171 - INFO - preprocessing - Encoding categorical features...
2025-11-14 18:44:35,556 - INFO - preprocessing - Scaling numerical features...
2025-11-14 18:44:36,703 - INFO - use_preprocessing - Encoding and scaling completed and saved.
2025-11-14 21:22:46,972 - INFO - use_fillMissingValues - Loaded dataset with shape (101685, 8)
2025-11-14 21:22:46,976 - INFO - preprocessing - Filling missing values...
2025-11-14 21:22:47,545 - INFO - use_fillMissingValues - Saved filled dataset and pipeline.
2025-11-14 21:23:10,191 - INFO - preprocessing - Encoding categorical features...
2025-11-14 21:23:10,607 - INFO - preprocessing - Scaling numerical features...
2025-11-14 21:23:11,849 - INFO - use_preprocessing - Encoding and scaling completed and saved.
2025-11-14 21:45:39,232 - INFO - preprocessing - Encoding categorical features...
2025-11-14 21:45:39,634 - INFO - preprocessing - Scaling numerical features...
2025-11-14 21:45:41,030 - INFO - use_preprocessing - Encoding and scaling completed and saved.
2025-11-19 23:20:17,137 - INFO - use_fillMissingValues - Loaded dataset with shape (102963, 8)
2025-11-19 23:20:17,141 - INFO - preprocessing - Filling missing values...
2025-11-19 23:20:17,722 - INFO - use_fillMissingValues - Saved filled dataset and pipeline.
2025-11-19 23:21:48,997 - INFO - preprocessing - Encoding categorical features...
2025-11-19 23:21:49,405 - INFO - preprocessing - Scaling numerical features...
2025-11-19 23:21:50,584 - INFO - use_preprocessing - Encoding and scaling completed and saved.
2025-11-19 23:29:45,515 - INFO - preprocessing - Encoding categorical features...
2025-11-19 23:29:45,963 - INFO - preprocessing - Scaling numerical features...
2025-11-19 23:30:11,839 - INFO - preprocessing - Encoding categorical features...
2025-11-19 23:30:12,312 - INFO - preprocessing - Scaling numerical features...
2025-11-20 00:30:43,190 - INFO - preprocessing - Encoding categorical features...
2025-11-20 00:30:44,009 - INFO - preprocessing - Scaling numerical features...
2025-11-20 01:19:41,019 - INFO - preprocessing - Encoding categorical features...
2025-11-20 01:19:41,491 - INFO - preprocessing - Scaling numerical features...
2025-11-20 16:17:44,146 - INFO - preprocessing - Filling missing values...
2025-11-20 16:26:49,493 - INFO - use_fillMissingValues - Loaded dataset with shape (102963, 8)
2025-11-20 16:26:49,496 - INFO - preprocessing - Filling missing values...
2025-11-20 16:26:50,084 - INFO - use_fillMissingValues - Saved filled dataset and pipeline.
2025-11-20 16:27:43,622 - INFO - preprocessing - Encoding categorical features...
2025-11-20 16:27:44,089 - INFO - preprocessing - Scaling numerical features...
2025-11-20 16:27:45,317 - INFO - use_preprocessing - Encoding and scaling completed and saved.
2025-11-20 18:11:35,905 - INFO - preprocessing - Encoding categorical features...
2025-11-20 18:11:36,319 - INFO - preprocessing - Scaling numerical features...
2025-11-20 18:11:37,495 - INFO - use_preprocessing - Encoding and scaling completed and saved.
