2025-11-11 18:46:16,014 - INFO - use_training - Final model pipeline saved.
2025-11-11 18:51:05,592 - INFO - use_training - Final model pipeline saved.
2025-11-11 18:53:31,167 - INFO - use_training - Final model pipeline saved.
2025-11-11 18:57:40,120 - INFO - use_training - Final model pipeline saved.
2025-11-12 21:40:21,886 - INFO - use_training - Final model pipeline saved.
2025-11-12 21:59:50,475 - INFO - use_training - Final model pipeline saved.
2025-11-12 22:06:50,835 - INFO - use_training - Final model pipeline saved.
2025-11-13 18:13:51,410 - INFO - use_training - Final model pipeline saved.
2025-11-13 18:46:20,015 - INFO - use_training - Final model pipeline saved.
2025-11-13 21:26:51,198 - INFO - use_training - Final model pipeline saved.
2025-11-13 21:44:05,050 - INFO - use_training - Final model pipeline saved.
2025-11-14 17:16:12,524 - INFO - use_training - Final model pipeline saved.
2025-11-14 17:30:18,922 - INFO - use_training - Final model pipeline saved.
2025-11-14 17:47:43,734 - INFO - use_training - Final model pipeline saved.
2025-11-14 17:53:56,154 - INFO - use_training - Final model pipeline saved.
2025-11-14 18:31:51,471 - INFO - use_training - Final model pipeline saved.
2025-11-14 18:48:12,843 - INFO - use_training - Final model pipeline saved.
2025-11-20 03:23:30,312 - INFO - use_training - Final model pipeline saved.
2025-11-20 16:41:13,259 - INFO - use_training - 
===== TYPE =====
2025-11-20 16:41:13,260 - INFO - use_training - Train accuracy: 0.787
2025-11-20 16:41:13,260 - INFO - use_training - Test  accuracy: 0.780
2025-11-20 16:41:13,265 - INFO - use_training - 
              precision    recall  f1-score   support

         0.0       0.00      0.00      0.00        28
         1.0       0.97      0.78      0.87        50
         2.0       0.75      0.83      0.79       103
         3.0       0.00      0.00      0.00       200
         4.0       0.67      0.95      0.79       834
         5.0       0.96      0.61      0.75        41
         6.0       0.00      0.00      0.00        36
         7.0       0.91      0.57      0.70       155
         8.0       1.00      0.98      0.99       176
         9.0       0.00      0.00      0.00        14
        10.0       0.94      0.95      0.95       423

    accuracy                           0.78      2060
   macro avg       0.56      0.52      0.53      2060
weighted avg       0.70      0.78      0.73      2060

2025-11-20 16:41:13,265 - INFO - use_training - 
===== CVSS_SCORE =====
2025-11-20 16:41:13,265 - INFO - use_training - Train accuracy: 0.625
2025-11-20 16:41:13,265 - INFO - use_training - Test  accuracy: 0.617
2025-11-20 16:41:13,271 - INFO - use_training - 
              precision    recall  f1-score   support

         0.0       1.00      0.01      0.02       234
         1.0       0.58      0.36      0.44       637
         2.0       0.00      0.00      0.00        87
         3.0       0.63      0.94      0.75      1102

    accuracy                           0.62      2060
   macro avg       0.55      0.33      0.30      2060
weighted avg       0.63      0.62      0.54      2060

2025-11-20 16:43:40,609 - INFO - use_training - type 3-Fold CV F1 macro: 0.935 ¡¾ 0.007
2025-11-20 16:44:38,022 - INFO - use_training - cvss_score 3-Fold CV F1 macro: 0.557 ¡¾ 0.013
2025-11-20 16:44:38,122 - INFO - use_training - Final model pipeline saved.
